****************************************************************
*                      CasHMC version 1.1                      *
*                       result log file                        *
*            Date : 2017/01/19      Time : 00:15:20            *
****************************************************************

- Trace type : file
- Trace file : ./trace/MemTraceWrite/CasHMC_trace_no2.trc

  ============= CasHMC statistic result =============

  Elapsed epoch : 0
  Elapsed clock : 100000

        HMC bandwidth : 1.65631 GB/s  (Considered only data size)
       Link bandwidth :   3.863 GB/s  (Included flow packet)
 Effec Link bandwidth : 1.65562 GB/s  (Data bandwidth regardless of packet header and tail)
     Link utilization : 3.21917 %     (Max link bandwidth : 120 GB/S)

    Tran latency mean : 299.988 ns
                 std  : 6.10253 ns
                 max  : 360 ns
                 min  : 84 ns
    Link latency mean : 36.0529 ns
                 std  : 5.23652 ns
                 max  : 96 ns
                 min  : 30 ns
   Vault latency mean : 14.4 ns
                 std  : 0 ns
                 max  : 14.4 ns
                 min  : 14.4 ns
   Retry latency mean : 0 ns
                 std  : 0 ns
                 max  : 0 ns
                 min  : 0 ns

           Read count : 0
          Write count : 33332
         Atomic count : 0
        Request count : 33332
       Response count : 33330
           Flow count : 22219
    Transaction count : 33330
    Error abort count : 0
    Error retry count : 0

  ┌─────────────  [Link 0]
  │              Read per link : 0
  │             Write per link : 33332
  │            Atomic per link : 0
  │           Request per link : 33332
  │          Response per link : 33330
  │              Flow per link : 22219
  │       Error abort per link : 0
  │       Downstream Bandwidth : 2.48343 GB/s  (Utilization : 4.13905 %)
  │         Upstream Bandwidth : 1.37957 GB/s  (Utilization : 2.29929 %)
  │            Total Bandwidth :   3.863 GB/s  (Utilization : 3.21917 %)
  │ Downstream effec Bandwidth : 1.65562 GB/s
  │   Upstream effec Bandwidth :       0 GB/s
  └───── Total effec Bandwidth : 1.65562 GB/s

